  main.cpp
D:\Projects\ImportantProject\MyProjectTest1\main.cpp(89,24): warning C4018: <: несоответствие типов со знаком и без знака
D:\Projects\ImportantProject\MyProjectTest1\main.cpp(237,27): warning C4018: <: несоответствие типов со знаком и без знака
D:\Projects\ImportantProject\MyProjectTest1\main.cpp(248,27): warning C4018: <: несоответствие типов со знаком и без знака
D:\Projects\ImportantProject\MyProjectTest1\main.cpp(252,35): warning C4018: <: несоответствие типов со знаком и без знака
D:\Projects\ImportantProject\MyProjectTest1\main.cpp(305,23): warning C4018: <: несоответствие типов со знаком и без знака
D:\Projects\ImportantProject\MyProjectTest1\main.cpp(331,23): warning C4018: <: несоответствие типов со знаком и без знака
D:\Projects\ImportantProject\MyProjectTest1\main.cpp(334,27): warning C4018: <: несоответствие типов со знаком и без знака
D:\Projects\ImportantProject\MyProjectTest1\main.cpp(363,23): warning C4018: <: несоответствие типов со знаком и без знака
D:\Projects\ImportantProject\MyProjectTest1\main.cpp(425,23): warning C4018: <: несоответствие типов со знаком и без знака
D:\Projects\ImportantProject\MyProjectTest1\main.cpp(490,23): warning C4018: <: несоответствие типов со знаком и без знака
D:\Projects\ImportantProject\MyProjectTest1\main.cpp(500,23): warning C4018: <: несоответствие типов со знаком и без знака
D:\Projects\ImportantProject\MyProjectTest1\main.cpp(546,23): warning C4018: <: несоответствие типов со знаком и без знака
D:\Projects\ImportantProject\MyProjectTest1\main.cpp(699,31): warning C4018: <: несоответствие типов со знаком и без знака
  Создание кода
  1 of 942 functions ( 0.1%) were compiled, the rest were copied from previous compilation.
    0 functions were new in current compilation
    18 functions had inline decision re-evaluated but remain unchanged
  Создание кода завершено
  MyProject.vcxproj -> D:\Projects\ImportantProject\MyProjectTest1\Release\MyProject.exe
